noisefit_hybrid/build/intermediates/manifest_merge_blame_file/debug/manifest-merger-blame-debug-report.txt
1<?xml version="1.0" encoding="utf-8"?>
2<manifest xmlns:android="http://schemas.android.com/apk/res/android"
3    package="com.noisefit_hybrid" >
4
5    <uses-sdk android:minSdkVersion="23" />
5-->src/main/AndroidManifest.xml
6
7    <application>
7-->src/main/AndroidManifest.xml:5:5-10:19
8        <service android:name="cn.appscomm.bluetooth.BluetoothLeService" />
8-->src/main/AndroidManifest.xml:7:9-76
8-->src/main/AndroidManifest.xml:7:18-73
9        <service android:name="cn.appscomm.ota.OtaService" />
9-->src/main/AndroidManifest.xml:8:9-62
9-->src/main/AndroidManifest.xml:8:18-59
10    </application>
11
12</manifest>